<?xml version="1.0" encoding="UTF-8"?>
<!-- Generated by org.testng.reporters.JUnitReportReporter -->
<testsuite hostname="ahmed-abdelelkawy" failures="0" tests="1" name="tests.AddProductToCompareListPage" time="6.664" errors="0" timestamp="2022-01-05T17:46:27 EET" skipped="0">
  <testcase classname="tests.AddProductToCompareListPage" name="AddProductToWishList" time="6.664"/>
  <system-out/>
</testsuite> <!-- tests.AddProductToCompareListPage -->
