<?xml version="1.0" encoding="UTF-8"?>
<!-- Generated by org.testng.reporters.JUnitReportReporter -->
<testsuite hostname="ahmed-abdelelkawy" failures="0" tests="1" name="tests.ShoppingCartOpertaionTest" time="10.003" errors="0" timestamp="2022-01-14T17:38:25 EET" skipped="0">
  <testcase classname="tests.ShoppingCartOpertaionTest" name="UserCanDeleteProductfromCart" time="10.003"/>
  <system-out/>
</testsuite> <!-- tests.ShoppingCartOpertaionTest -->
