<?xml version="1.0" encoding="UTF-8"?>
<!-- Generated by org.testng.reporters.JUnitReportReporter -->
<testsuite hostname="ahmed-abdelelkawy" failures="0" tests="1" name="tests.SubmitReviewTest" time="14.031" errors="0" timestamp="2022-01-01T15:45:04 EET" skipped="0">
  <testcase classname="tests.SubmitReviewTest" name="UsercanSendEmailProduct" time="14.031"/>
  <system-out/>
</testsuite> <!-- tests.SubmitReviewTest -->
