<?xml version="1.0" encoding="UTF-8"?>
<!-- Generated by org.testng.reporters.JUnitReportReporter -->
<testsuite hostname="ahmed-abdelelkawy" failures="0" tests="1" name="tests.AddProductToCardTest" time="7.881" errors="0" timestamp="2022-01-05T23:09:17 EET" skipped="0">
  <testcase classname="tests.AddProductToCardTest" name="UserCanAddProductToCard" time="7.881"/>
  <system-out/>
</testsuite> <!-- tests.AddProductToCardTest -->
