<?xml version="1.0" encoding="UTF-8"?>
<!-- Generated by org.testng.reporters.JUnitReportReporter -->
<testsuite hostname="ahmed-abdelelkawy" failures="0" tests="1" name="tests.RegisterTests" time="4.326" errors="0" timestamp="08 Dec 2021 22:11:24 GMT" skipped="0">
  <testcase classname="tests.RegisterTests" name="openRegistartaionPage" time="4.326"/>
</testsuite> <!-- tests.RegisterTests -->
