<?xml version="1.0" encoding="UTF-8"?>
<!-- Generated by org.testng.reporters.JUnitReportReporter -->
<testsuite hostname="ahmed-abdelelkawy" failures="0" tests="1" name="tests.UserRegistrationTestWithDDTAndCSV" time="21.211" errors="0" timestamp="2022-01-17T21:38:56 EET" skipped="0">
  <testcase classname="tests.UserRegistrationTestWithDDTAndCSV" name="AssertUserCanRegisration" time="21.211"/>
  <system-out/>
</testsuite> <!-- tests.UserRegistrationTestWithDDTAndCSV -->
