<?xml version="1.0" encoding="UTF-8"?>
<!-- Generated by org.testng.reporters.JUnitReportReporter -->
<testsuite hostname="ahmed-abdelelkawy" failures="0" tests="1" name="tests.RemoveproductFromCart" time="8.929" errors="0" timestamp="2022-01-05T23:41:12 EET" skipped="0">
  <testcase classname="tests.RemoveproductFromCart" name="UserCanAddProductToCard" time="8.929"/>
  <system-out/>
</testsuite> <!-- tests.RemoveproductFromCart -->
