<?xml version="1.0" encoding="UTF-8"?>
<!-- Generated by org.testng.reporters.JUnitReportReporter -->
<testsuite hostname="ahmed-abdelelkawy" failures="0" tests="1" name="tests.EmailProductToFriendTest" time="13.941" errors="0" timestamp="2022-01-01T00:05:01 EET" skipped="0">
  <testcase classname="tests.EmailProductToFriendTest" name="UsercanSendEmailProduct" time="13.941"/>
  <system-out/>
</testsuite> <!-- tests.EmailProductToFriendTest -->
