<?xml version="1.0" encoding="UTF-8"?>
<!-- Generated by org.testng.reporters.JUnitReportReporter -->
<testsuite hostname="ahmed-abdelelkawy" failures="0" tests="1" name="tests.SearchTest" time="1.471" errors="0" timestamp="2021-12-27T22:40:23 EET" skipped="0">
  <testcase classname="tests.SearchTest" name="UserCanSearchProduct" time="1.471"/>
  <system-out/>
</testsuite> <!-- tests.SearchTest -->
