<?xml version="1.0" encoding="UTF-8"?>
<!-- Generated by org.testng.reporters.JUnitReportReporter -->
<testsuite hostname="ahmed-abdelelkawy" failures="0" tests="1" name="tests.HoverMenuTest" time="2.182" errors="0" timestamp="2022-01-02T00:00:18 EET" skipped="0">
  <testcase classname="tests.HoverMenuTest" name="UserCanHoverMenuandOpenit" time="2.182"/>
  <system-out/>
</testsuite> <!-- tests.HoverMenuTest -->
