<?xml version="1.0" encoding="UTF-8"?>
<!-- Generated by org.testng.reporters.JUnitReportReporter -->
<testsuite hostname="ahmed-abdelelkawy" failures="0" tests="1" name="tests.UserLoginTest" time="0.778" errors="0" timestamp="2022-01-24T00:17:17 EET" skipped="0">
  <testcase classname="tests.UserLoginTest" name="OpenLoginPage" time="0.778"/>
  <system-out/>
</testsuite> <!-- tests.UserLoginTest -->
