<?xml version="1.0" encoding="UTF-8"?>
<!-- Generated by org.testng.reporters.JUnitReportReporter -->
<testsuite hostname="ahmed-abdelelkawy" failures="0" tests="1" name="tests.Tes" time="2.147" errors="0" timestamp="08 Dec 2021 21:54:47 GMT" skipped="0">
  <testcase classname="tests.Tes" name="click" time="2.147"/>
</testsuite> <!-- tests.Tes -->
