<?xml version="1.0" encoding="UTF-8"?>
<!-- Generated by org.testng.reporters.JUnitReportReporter -->
<testsuite hostname="ahmed-abdelelkawy" failures="0" tests="1" name="runner.TestRunner" time="6.228" errors="0" timestamp="2022-01-27T21:52:28 EET" skipped="0">
  <testcase classname="runner.TestRunner" name="runScenario" time="6.228"/>
  <system-out/>
</testsuite> <!-- runner.TestRunner -->
