<?xml version="1.0" encoding="UTF-8"?>
<!-- Generated by org.testng.reporters.JUnitReportReporter -->
<testsuite hostname="ahmed-abdelelkawy" failures="0" tests="1" name="tests.SearchProductUsingAutomaSuggestTest" time="5.301" errors="0" timestamp="2021-12-31T18:29:26 EET" skipped="0">
  <testcase classname="tests.SearchProductUsingAutomaSuggestTest" name="UUserCanSearchUsingAutomaSuggest" time="5.301"/>
  <system-out/>
</testsuite> <!-- tests.SearchProductUsingAutomaSuggestTest -->
