<?xml version="1.0" encoding="UTF-8"?>
<!-- Generated by org.testng.reporters.JUnitReportReporter -->
<testsuite hostname="ahmed-abdelelkawy" failures="0" tests="1" name="tests.AddProductToCompareListTest" time="12.750" errors="0" timestamp="2022-01-05T22:15:32 EET" skipped="0">
  <testcase classname="tests.AddProductToCompareListTest" name="UsercanAddtwoProductAndCompare" time="12.750"/>
  <system-out/>
</testsuite> <!-- tests.AddProductToCompareListTest -->
