<?xml version="1.0" encoding="UTF-8"?>
<!-- Generated by org.testng.reporters.JUnitReportReporter -->
<testsuite hostname="ahmed-abdelelkawy" failures="0" tests="1" name="tests.SearchProductTest" time="2.068" errors="0" timestamp="2022-01-14T17:46:29 EET" skipped="0">
  <testcase classname="tests.SearchProductTest" name="UserCanSearchProduct" time="2.068"/>
  <system-out/>
</testsuite> <!-- tests.SearchProductTest -->
