<?xml version="1.0" encoding="UTF-8"?>
<!-- Generated by org.testng.reporters.JUnitReportReporter -->
<testsuite hostname="ahmed-abdelelkawy" failures="0" tests="1" name="tests.AddProductToWishListTest" time="5.825" errors="0" timestamp="2022-01-14T17:46:29 EET" skipped="0">
  <testcase classname="tests.AddProductToWishListTest" name="AddProductToWishList" time="5.825"/>
  <system-out/>
</testsuite> <!-- tests.AddProductToWishListTest -->
