<?xml version="1.0" encoding="UTF-8"?>
<!-- Generated by org.testng.reporters.JUnitReportReporter -->
<testsuite hostname="ahmed-abdelelkawy" failures="0" tests="1" name="tests.HoverMenuTest" time="1.005" errors="0" timestamp="2022-01-14T17:46:29 EET" skipped="0">
  <testcase classname="tests.HoverMenuTest" name="UserCanHoverMenuandOpenit" time="1.005"/>
  <system-out/>
</testsuite> <!-- tests.HoverMenuTest -->
