<?xml version="1.0" encoding="UTF-8"?>
<!-- Generated by org.testng.reporters.JUnitReportReporter -->
<testsuite hostname="ahmed-abdelelkawy" failures="0" tests="1" name="tests.SearchProductUsingAutomaSuggestTest" time="2.413" errors="0" timestamp="2022-01-14T17:46:29 EET" skipped="0">
  <testcase classname="tests.SearchProductUsingAutomaSuggestTest" name="UUserCanSearchUsingAutomaSuggest" time="2.413"/>
  <system-out/>
</testsuite> <!-- tests.SearchProductUsingAutomaSuggestTest -->
