<?xml version="1.0" encoding="UTF-8"?>
<!-- Generated by org.testng.reporters.JUnitReportReporter -->
<testsuite hostname="ahmed-abdelelkawy" failures="0" tests="1" name="tests.ChangeCurrencyTest" time="6.082" errors="0" timestamp="2022-01-14T17:46:29 EET" skipped="0">
  <testcase classname="tests.ChangeCurrencyTest" name="UserCanChangeCurrency" time="6.082"/>
  <system-out/>
</testsuite> <!-- tests.ChangeCurrencyTest -->
