<?xml version="1.0" encoding="UTF-8"?>
<!-- Generated by org.testng.reporters.JUnitReportReporter -->
<testsuite hostname="ahmed-abdelelkawy" failures="0" tests="1" name="tests.ContactUsTest" time="2.521" errors="0" timestamp="2022-01-14T17:46:29 EET" skipped="0">
  <testcase classname="tests.ContactUsTest" name="usercanSentInfoFromContactUsPage" time="2.521"/>
  <system-out/>
</testsuite> <!-- tests.ContactUsTest -->
